C:\USERS\HAZEM\DESKTOP\THE PROJECT\CONSOLEAPPLICATION1\DEBUG\SOURCE.OBJ
C:\USERS\HAZEM\DESKTOP\THE PROJECT\CONSOLEAPPLICATION1\DEBUG\VC110.PDB
C:\USERS\HAZEM\DESKTOP\THE PROJECT\DEBUG\CONSOLEAPPLICATION1.ILK
C:\USERS\HAZEM\DESKTOP\THE PROJECT\DEBUG\CONSOLEAPPLICATION1.EXE
C:\USERS\HAZEM\DESKTOP\THE PROJECT\DEBUG\CONSOLEAPPLICATION1.PDB
C:\Users\HAZEM\Desktop\The project\ConsoleApplication1\Debug\Source.obj
C:\Users\HAZEM\Desktop\The project\ConsoleApplication1\Debug\cl.command.1.tlog
C:\Users\HAZEM\Desktop\The project\ConsoleApplication1\Debug\CL.read.1.tlog
C:\Users\HAZEM\Desktop\The project\ConsoleApplication1\Debug\CL.write.1.tlog
C:\Users\HAZEM\Desktop\The project\ConsoleApplication1\Debug\link-cvtres.read.1.tlog
C:\Users\HAZEM\Desktop\The project\ConsoleApplication1\Debug\link-cvtres.write.1.tlog
C:\Users\HAZEM\Desktop\The project\ConsoleApplication1\Debug\link-rc.read.1.tlog
C:\Users\HAZEM\Desktop\The project\ConsoleApplication1\Debug\link-rc.write.1.tlog
C:\Users\HAZEM\Desktop\The project\ConsoleApplication1\Debug\link.4792-cvtres.read.1.tlog
C:\Users\HAZEM\Desktop\The project\ConsoleApplication1\Debug\link.4792-cvtres.write.1.tlog
C:\Users\HAZEM\Desktop\The project\ConsoleApplication1\Debug\link.4792-rc.read.1.tlog
C:\Users\HAZEM\Desktop\The project\ConsoleApplication1\Debug\link.4792-rc.write.1.tlog
C:\Users\HAZEM\Desktop\The project\ConsoleApplication1\Debug\link.4792.read.1.tlog
C:\Users\HAZEM\Desktop\The project\ConsoleApplication1\Debug\link.4792.write.1.tlog
C:\Users\HAZEM\Desktop\The project\ConsoleApplication1\Debug\link.592-cvtres.read.1.tlog
C:\Users\HAZEM\Desktop\The project\ConsoleApplication1\Debug\link.592-cvtres.write.1.tlog
C:\Users\HAZEM\Desktop\The project\ConsoleApplication1\Debug\link.592-rc.read.1.tlog
C:\Users\HAZEM\Desktop\The project\ConsoleApplication1\Debug\link.592-rc.write.1.tlog
C:\Users\HAZEM\Desktop\The project\ConsoleApplication1\Debug\link.592.read.1.tlog
C:\Users\HAZEM\Desktop\The project\ConsoleApplication1\Debug\link.592.write.1.tlog
C:\Users\HAZEM\Desktop\The project\ConsoleApplication1\Debug\link.command.1.tlog
C:\Users\HAZEM\Desktop\The project\ConsoleApplication1\Debug\link.read.1.tlog
C:\Users\HAZEM\Desktop\The project\ConsoleApplication1\Debug\link.write.1.tlog
C:\Users\HAZEM\Desktop\The project\ConsoleApplication1\Debug\vc110.idb
C:\Users\HAZEM\Desktop\The project\ConsoleApplication1\Debug\vc110.pdb
C:\Users\HAZEM\Desktop\The project\Debug\ConsoleApplication1.pdb
C:\Users\HAZEM\Desktop\The project\Debug\ConsoleApplication1.exe
C:\Users\HAZEM\Desktop\The project\Debug\ConsoleApplication1.ilk
